<?xml version="1.0" encoding="UTF-8"?>
<testng-results skipped="0" failed="1" ignored="0" retried="2" total="5" passed="2">
  <reporter-output>
  </reporter-output>
  <suite name="Suite" duration-ms="31577" started-at="2021-12-30T15:33:59 EST" finished-at="2021-12-30T15:34:31 EST">
    <groups>
    </groups>
    <test name="Test" duration-ms="31577" started-at="2021-12-30T15:33:59 EST" finished-at="2021-12-30T15:34:31 EST">
      <class name="com.tests.LoginPageTest">
        <test-method status="PASS" signature="setUp()[pri:0, instance:com.tests.LoginPageTest@7403c468]" name="setUp" is-config="true" duration-ms="6748" started-at="2021-12-30T15:33:59 EST" finished-at="2021-12-30T15:34:06 EST">
          <reporter-output>
          </reporter-output>
        </test-method> <!-- setUp -->
        <test-method status="SKIP" signature="validatLoginPageTitleTest()[pri:1, instance:com.tests.LoginPageTest@7403c468]" name="validatLoginPageTitleTest" duration-ms="770" retried="true" started-at="2021-12-30T15:34:06 EST" finished-at="2021-12-30T15:34:07 EST">
          <exception class="java.lang.AssertionError">
            <message>
              <![CDATA[Page title doesnt matched!! expected [Mlti lingual Cart] but found [Multi lingual Cart]]]>
            </message>
            <full-stacktrace>
              <![CDATA[java.lang.AssertionError: Page title doesnt matched!! expected [Mlti lingual Cart] but found [Multi lingual Cart]
at org.testng.Assert.fail(Assert.java:99)
at org.testng.Assert.failNotEquals(Assert.java:1037)
at org.testng.Assert.assertEqualsImpl(Assert.java:140)
at org.testng.Assert.assertEquals(Assert.java:122)
at org.testng.Assert.assertEquals(Assert.java:629)
at com.tests.LoginPageTest.validatLoginPageTitleTest(LoginPageTest.java:40)
at sun.reflect.NativeMethodAccessorImpl.invoke0(Native Method)
at sun.reflect.NativeMethodAccessorImpl.invoke(NativeMethodAccessorImpl.java:62)
at sun.reflect.DelegatingMethodAccessorImpl.invoke(DelegatingMethodAccessorImpl.java:43)
at java.lang.reflect.Method.invoke(Method.java:498)
at org.testng.internal.MethodInvocationHelper.invokeMethod(MethodInvocationHelper.java:133)
at org.testng.internal.TestInvoker.invokeMethod(TestInvoker.java:598)
at org.testng.internal.TestInvoker.invokeTestMethod(TestInvoker.java:173)
at org.testng.internal.MethodRunner.runInSequence(MethodRunner.java:46)
at org.testng.internal.TestInvoker$MethodInvocationAgent.invoke(TestInvoker.java:824)
at org.testng.internal.TestInvoker.invokeTestMethods(TestInvoker.java:146)
at org.testng.internal.TestMethodWorker.invokeTestMethods(TestMethodWorker.java:146)
at org.testng.internal.TestMethodWorker.run(TestMethodWorker.java:128)
at java.util.ArrayList.forEach(ArrayList.java:1259)
at org.testng.TestRunner.privateRun(TestRunner.java:794)
at org.testng.TestRunner.run(TestRunner.java:596)
at org.testng.SuiteRunner.runTest(SuiteRunner.java:377)
at org.testng.SuiteRunner.runSequentially(SuiteRunner.java:371)
at org.testng.SuiteRunner.privateRun(SuiteRunner.java:332)
at org.testng.SuiteRunner.run(SuiteRunner.java:276)
at org.testng.SuiteRunnerWorker.runSuite(SuiteRunnerWorker.java:53)
at org.testng.SuiteRunnerWorker.run(SuiteRunnerWorker.java:96)
at org.testng.TestNG.runSuitesSequentially(TestNG.java:1212)
at org.testng.TestNG.runSuitesLocally(TestNG.java:1134)
at org.testng.TestNG.runSuites(TestNG.java:1063)
at org.testng.TestNG.run(TestNG.java:1031)
at org.testng.remote.AbstractRemoteTestNG.run(AbstractRemoteTestNG.java:115)
at org.testng.remote.RemoteTestNG.initAndRun(RemoteTestNG.java:251)
at org.testng.remote.RemoteTestNG.main(RemoteTestNG.java:77)
]]>
            </full-stacktrace>
          </exception> <!-- java.lang.AssertionError -->
          <reporter-output>
          </reporter-output>
        </test-method> <!-- validatLoginPageTitleTest -->
        <test-method status="PASS" signature="tearDown()[pri:0, instance:com.tests.LoginPageTest@7403c468]" name="tearDown" is-config="true" duration-ms="108" started-at="2021-12-30T15:34:07 EST" finished-at="2021-12-30T15:34:07 EST">
          <reporter-output>
          </reporter-output>
        </test-method> <!-- tearDown -->
        <test-method status="PASS" signature="setUp()[pri:0, instance:com.tests.LoginPageTest@7403c468]" name="setUp" is-config="true" duration-ms="4757" started-at="2021-12-30T15:34:07 EST" finished-at="2021-12-30T15:34:12 EST">
          <reporter-output>
          </reporter-output>
        </test-method> <!-- setUp -->
        <test-method status="SKIP" signature="validatLoginPageTitleTest()[pri:1, instance:com.tests.LoginPageTest@7403c468]" name="validatLoginPageTitleTest" duration-ms="737" retried="true" started-at="2021-12-30T15:34:12 EST" finished-at="2021-12-30T15:34:13 EST">
          <exception class="java.lang.AssertionError">
            <message>
              <![CDATA[Page title doesnt matched!! expected [Mlti lingual Cart] but found [Multi lingual Cart]]]>
            </message>
            <full-stacktrace>
              <![CDATA[java.lang.AssertionError: Page title doesnt matched!! expected [Mlti lingual Cart] but found [Multi lingual Cart]
at org.testng.Assert.fail(Assert.java:99)
at org.testng.Assert.failNotEquals(Assert.java:1037)
at org.testng.Assert.assertEqualsImpl(Assert.java:140)
at org.testng.Assert.assertEquals(Assert.java:122)
at org.testng.Assert.assertEquals(Assert.java:629)
at com.tests.LoginPageTest.validatLoginPageTitleTest(LoginPageTest.java:40)
at sun.reflect.NativeMethodAccessorImpl.invoke0(Native Method)
at sun.reflect.NativeMethodAccessorImpl.invoke(NativeMethodAccessorImpl.java:62)
at sun.reflect.DelegatingMethodAccessorImpl.invoke(DelegatingMethodAccessorImpl.java:43)
at java.lang.reflect.Method.invoke(Method.java:498)
at org.testng.internal.MethodInvocationHelper.invokeMethod(MethodInvocationHelper.java:133)
at org.testng.internal.TestInvoker.invokeMethod(TestInvoker.java:598)
at org.testng.internal.TestInvoker.retryFailed(TestInvoker.java:213)
at org.testng.internal.MethodRunner.runInSequence(MethodRunner.java:58)
at org.testng.internal.TestInvoker$MethodInvocationAgent.invoke(TestInvoker.java:824)
at org.testng.internal.TestInvoker.invokeTestMethods(TestInvoker.java:146)
at org.testng.internal.TestMethodWorker.invokeTestMethods(TestMethodWorker.java:146)
at org.testng.internal.TestMethodWorker.run(TestMethodWorker.java:128)
at java.util.ArrayList.forEach(ArrayList.java:1259)
at org.testng.TestRunner.privateRun(TestRunner.java:794)
at org.testng.TestRunner.run(TestRunner.java:596)
at org.testng.SuiteRunner.runTest(SuiteRunner.java:377)
at org.testng.SuiteRunner.runSequentially(SuiteRunner.java:371)
at org.testng.SuiteRunner.privateRun(SuiteRunner.java:332)
at org.testng.SuiteRunner.run(SuiteRunner.java:276)
at org.testng.SuiteRunnerWorker.runSuite(SuiteRunnerWorker.java:53)
at org.testng.SuiteRunnerWorker.run(SuiteRunnerWorker.java:96)
at org.testng.TestNG.runSuitesSequentially(TestNG.java:1212)
at org.testng.TestNG.runSuitesLocally(TestNG.java:1134)
at org.testng.TestNG.runSuites(TestNG.java:1063)
at org.testng.TestNG.run(TestNG.java:1031)
at org.testng.remote.AbstractRemoteTestNG.run(AbstractRemoteTestNG.java:115)
at org.testng.remote.RemoteTestNG.initAndRun(RemoteTestNG.java:251)
at org.testng.remote.RemoteTestNG.main(RemoteTestNG.java:77)
]]>
            </full-stacktrace>
          </exception> <!-- java.lang.AssertionError -->
          <reporter-output>
          </reporter-output>
        </test-method> <!-- validatLoginPageTitleTest -->
        <test-method status="PASS" signature="tearDown()[pri:0, instance:com.tests.LoginPageTest@7403c468]" name="tearDown" is-config="true" duration-ms="115" started-at="2021-12-30T15:34:13 EST" finished-at="2021-12-30T15:34:13 EST">
          <reporter-output>
          </reporter-output>
        </test-method> <!-- tearDown -->
        <test-method status="PASS" signature="setUp()[pri:0, instance:com.tests.LoginPageTest@7403c468]" name="setUp" is-config="true" duration-ms="5234" started-at="2021-12-30T15:34:13 EST" finished-at="2021-12-30T15:34:18 EST">
          <reporter-output>
          </reporter-output>
        </test-method> <!-- setUp -->
        <test-method status="FAIL" signature="validatLoginPageTitleTest()[pri:1, instance:com.tests.LoginPageTest@7403c468]" name="validatLoginPageTitleTest" duration-ms="558" started-at="2021-12-30T15:34:18 EST" finished-at="2021-12-30T15:34:18 EST">
          <exception class="java.lang.AssertionError">
            <message>
              <![CDATA[Page title doesnt matched!! expected [Mlti lingual Cart] but found [Multi lingual Cart]]]>
            </message>
            <full-stacktrace>
              <![CDATA[java.lang.AssertionError: Page title doesnt matched!! expected [Mlti lingual Cart] but found [Multi lingual Cart]
at org.testng.Assert.fail(Assert.java:99)
at org.testng.Assert.failNotEquals(Assert.java:1037)
at org.testng.Assert.assertEqualsImpl(Assert.java:140)
at org.testng.Assert.assertEquals(Assert.java:122)
at org.testng.Assert.assertEquals(Assert.java:629)
at com.tests.LoginPageTest.validatLoginPageTitleTest(LoginPageTest.java:40)
at sun.reflect.NativeMethodAccessorImpl.invoke0(Native Method)
at sun.reflect.NativeMethodAccessorImpl.invoke(NativeMethodAccessorImpl.java:62)
at sun.reflect.DelegatingMethodAccessorImpl.invoke(DelegatingMethodAccessorImpl.java:43)
at java.lang.reflect.Method.invoke(Method.java:498)
at org.testng.internal.MethodInvocationHelper.invokeMethod(MethodInvocationHelper.java:133)
at org.testng.internal.TestInvoker.invokeMethod(TestInvoker.java:598)
at org.testng.internal.TestInvoker.retryFailed(TestInvoker.java:213)
at org.testng.internal.MethodRunner.runInSequence(MethodRunner.java:58)
at org.testng.internal.TestInvoker$MethodInvocationAgent.invoke(TestInvoker.java:824)
at org.testng.internal.TestInvoker.invokeTestMethods(TestInvoker.java:146)
at org.testng.internal.TestMethodWorker.invokeTestMethods(TestMethodWorker.java:146)
at org.testng.internal.TestMethodWorker.run(TestMethodWorker.java:128)
at java.util.ArrayList.forEach(ArrayList.java:1259)
at org.testng.TestRunner.privateRun(TestRunner.java:794)
at org.testng.TestRunner.run(TestRunner.java:596)
at org.testng.SuiteRunner.runTest(SuiteRunner.java:377)
at org.testng.SuiteRunner.runSequentially(SuiteRunner.java:371)
at org.testng.SuiteRunner.privateRun(SuiteRunner.java:332)
at org.testng.SuiteRunner.run(SuiteRunner.java:276)
at org.testng.SuiteRunnerWorker.runSuite(SuiteRunnerWorker.java:53)
at org.testng.SuiteRunnerWorker.run(SuiteRunnerWorker.java:96)
at org.testng.TestNG.runSuitesSequentially(TestNG.java:1212)
at org.testng.TestNG.runSuitesLocally(TestNG.java:1134)
at org.testng.TestNG.runSuites(TestNG.java:1063)
at org.testng.TestNG.run(TestNG.java:1031)
at org.testng.remote.AbstractRemoteTestNG.run(AbstractRemoteTestNG.java:115)
at org.testng.remote.RemoteTestNG.initAndRun(RemoteTestNG.java:251)
at org.testng.remote.RemoteTestNG.main(RemoteTestNG.java:77)
]]>
            </full-stacktrace>
          </exception> <!-- java.lang.AssertionError -->
          <reporter-output>
          </reporter-output>
        </test-method> <!-- validatLoginPageTitleTest -->
        <test-method status="PASS" signature="tearDown()[pri:0, instance:com.tests.LoginPageTest@7403c468]" name="tearDown" is-config="true" duration-ms="80" started-at="2021-12-30T15:34:18 EST" finished-at="2021-12-30T15:34:19 EST">
          <reporter-output>
          </reporter-output>
        </test-method> <!-- tearDown -->
        <test-method status="PASS" signature="setUp()[pri:0, instance:com.tests.LoginPageTest@7403c468]" name="setUp" is-config="true" duration-ms="3969" started-at="2021-12-30T15:34:19 EST" finished-at="2021-12-30T15:34:22 EST">
          <reporter-output>
          </reporter-output>
        </test-method> <!-- setUp -->
        <test-method status="PASS" signature="loginTest()[pri:2, instance:com.tests.LoginPageTest@7403c468]" name="loginTest" duration-ms="668" started-at="2021-12-30T15:34:22 EST" finished-at="2021-12-30T15:34:23 EST">
          <reporter-output>
          </reporter-output>
        </test-method> <!-- loginTest -->
        <test-method status="PASS" signature="tearDown()[pri:0, instance:com.tests.LoginPageTest@7403c468]" name="tearDown" is-config="true" duration-ms="85" started-at="2021-12-30T15:34:23 EST" finished-at="2021-12-30T15:34:23 EST">
          <reporter-output>
          </reporter-output>
        </test-method> <!-- tearDown -->
        <test-method status="PASS" signature="setUp()[pri:0, instance:com.tests.LoginPageTest@7403c468]" name="setUp" is-config="true" duration-ms="4711" started-at="2021-12-30T15:34:23 EST" finished-at="2021-12-30T15:34:28 EST">
          <reporter-output>
          </reporter-output>
        </test-method> <!-- setUp -->
        <test-method status="PASS" signature="validateUserNameTest()[pri:3, instance:com.tests.LoginPageTest@7403c468]" name="validateUserNameTest" duration-ms="2807" started-at="2021-12-30T15:34:28 EST" finished-at="2021-12-30T15:34:31 EST">
          <reporter-output>
          </reporter-output>
        </test-method> <!-- validateUserNameTest -->
        <test-method status="PASS" signature="tearDown()[pri:0, instance:com.tests.LoginPageTest@7403c468]" name="tearDown" is-config="true" duration-ms="119" started-at="2021-12-30T15:34:31 EST" finished-at="2021-12-30T15:34:31 EST">
          <reporter-output>
          </reporter-output>
        </test-method> <!-- tearDown -->
      </class> <!-- com.tests.LoginPageTest -->
    </test> <!-- Test -->
  </suite> <!-- Suite -->
</testng-results>
