<?xml version="1.0" encoding="UTF-8"?>
<!-- Generated by org.testng.reporters.JUnitReportReporter -->
<testsuite skipped="2" hostname="khosruzs-MBP.lan" name="com.tests.LoginPageTest" tests="5" failures="1" timestamp="2021-12-30T15:34:31 EST" time="31.466" errors="0">
  <testcase name="validatLoginPageTitleTest" time="7.414" classname="com.tests.LoginPageTest">
    <failure type="java.lang.AssertionError" message="Page title doesnt matched!! expected [Mlti lingual Cart] but found [Multi lingual Cart]">
      <![CDATA[java.lang.AssertionError: Page title doesnt matched!! expected [Mlti lingual Cart] but found [Multi lingual Cart]
at org.testng.Assert.fail(Assert.java:99)
at org.testng.Assert.failNotEquals(Assert.java:1037)
at org.testng.Assert.assertEqualsImpl(Assert.java:140)
at org.testng.Assert.assertEquals(Assert.java:122)
at org.testng.Assert.assertEquals(Assert.java:629)
at com.tests.LoginPageTest.validatLoginPageTitleTest(LoginPageTest.java:40)
at sun.reflect.NativeMethodAccessorImpl.invoke0(Native Method)
at sun.reflect.NativeMethodAccessorImpl.invoke(NativeMethodAccessorImpl.java:62)
at sun.reflect.DelegatingMethodAccessorImpl.invoke(DelegatingMethodAccessorImpl.java:43)
at java.lang.reflect.Method.invoke(Method.java:498)
at org.testng.internal.MethodInvocationHelper.invokeMethod(MethodInvocationHelper.java:133)
at org.testng.internal.TestInvoker.invokeMethod(TestInvoker.java:598)
at org.testng.internal.TestInvoker.retryFailed(TestInvoker.java:213)
at org.testng.internal.MethodRunner.runInSequence(MethodRunner.java:58)
at org.testng.internal.TestInvoker$MethodInvocationAgent.invoke(TestInvoker.java:824)
at org.testng.internal.TestInvoker.invokeTestMethods(TestInvoker.java:146)
at org.testng.internal.TestMethodWorker.invokeTestMethods(TestMethodWorker.java:146)
at org.testng.internal.TestMethodWorker.run(TestMethodWorker.java:128)
at java.util.ArrayList.forEach(ArrayList.java:1259)
at org.testng.TestRunner.privateRun(TestRunner.java:794)
at org.testng.TestRunner.run(TestRunner.java:596)
at org.testng.SuiteRunner.runTest(SuiteRunner.java:377)
at org.testng.SuiteRunner.runSequentially(SuiteRunner.java:371)
at org.testng.SuiteRunner.privateRun(SuiteRunner.java:332)
at org.testng.SuiteRunner.run(SuiteRunner.java:276)
at org.testng.SuiteRunnerWorker.runSuite(SuiteRunnerWorker.java:53)
at org.testng.SuiteRunnerWorker.run(SuiteRunnerWorker.java:96)
at org.testng.TestNG.runSuitesSequentially(TestNG.java:1212)
at org.testng.TestNG.runSuitesLocally(TestNG.java:1134)
at org.testng.TestNG.runSuites(TestNG.java:1063)
at org.testng.TestNG.run(TestNG.java:1031)
at org.testng.remote.AbstractRemoteTestNG.run(AbstractRemoteTestNG.java:115)
at org.testng.remote.RemoteTestNG.initAndRun(RemoteTestNG.java:251)
at org.testng.remote.RemoteTestNG.main(RemoteTestNG.java:77)
]]>
    </failure>
  </testcase> <!-- validatLoginPageTitleTest -->
  <system-out/>
  <testcase name="validatLoginPageTitleTest" time="5.596" classname="com.tests.LoginPageTest">
    <skipped/>
  </testcase> <!-- validatLoginPageTitleTest -->
  <system-out/>
  <testcase name="validatLoginPageTitleTest" time="4.786" classname="com.tests.LoginPageTest">
    <skipped/>
  </testcase> <!-- validatLoginPageTitleTest -->
  <system-out/>
  <testcase name="loginTest" time="5.544" classname="com.tests.LoginPageTest"/>
  <system-out/>
  <testcase name="validateUserNameTest" time="8.126" classname="com.tests.LoginPageTest"/>
  <system-out/>
</testsuite> <!-- com.tests.LoginPageTest -->
